<?xml version="1.0" encoding="UTF-8"?>
<!-- Generated by org.testng.reporters.JUnitReportReporter -->
<testsuite skipped="0" hostname="DESKTOP-6LKPR05" name="ToolsQA.seleniumTest" tests="2" failures="0" timestamp="2020-04-08T11:25:01 IST" time="0.000" errors="0">
  <testcase name="seleniumone" time="0.000" classname="ToolsQA.seleniumTest"/>
  <system-out/>
  <testcase name="seleniumtwo" time="0.000" classname="ToolsQA.seleniumTest"/>
  <system-out/>
</testsuite> <!-- ToolsQA.seleniumTest -->
