<?xml version="1.0" encoding="UTF-8"?>
<!-- Generated by org.testng.reporters.JUnitReportReporter -->
<testsuite skipped="0" hostname="DESKTOP-6LKPR05" name="ToolsQA.lastTest" tests="2" failures="0" timestamp="2020-04-07T18:09:50 IST" time="0.000" errors="0">
  <testcase name="alsttwo" time="0.000" classname="ToolsQA.lastTest"/>
  <system-out/>
  <testcase name="lastone" time="0.000" classname="ToolsQA.lastTest"/>
  <system-out/>
</testsuite> <!-- ToolsQA.lastTest -->
