<?xml version="1.0" encoding="UTF-8"?>
<!-- Generated by org.testng.reporters.JUnitReportReporter -->
<testsuite skipped="0" hostname="DESKTOP-6LKPR05" name="ToolsQA.appiumTest" tests="2" failures="0" timestamp="2020-04-07T18:09:50 IST" time="0.008" errors="0">
  <testcase name="appiumtwo" time="0.000" classname="ToolsQA.appiumTest"/>
  <system-out/>
  <testcase name="appiumone" time="0.008" classname="ToolsQA.appiumTest"/>
  <system-out/>
</testsuite> <!-- ToolsQA.appiumTest -->
